2020-01-22 01:03:12,353 TRACE Application [main] the built-in TRACE level
2020-01-22 01:03:12,369 DEBUG Application [main] the built-in DEBUG level
2020-01-22 01:03:12,369 INFO Application [main] the built-in INFO level
2020-01-22 01:03:12,370 WARN Application [main] the built-in WARN level
2020-01-22 01:03:12,370 ERROR Application [main] the built-in ERROR level
2020-01-22 01:03:12,370 FATAL Application [main] the built-in FATAL level
2020-01-22 01:19:21,137 TRACE Application [main] the built-in TRACE level
2020-01-22 01:19:21,141 DEBUG Application [main] the built-in DEBUG level
2020-01-22 01:19:21,141 INFO Application [main] the built-in INFO level
2020-01-22 01:19:21,141 WARN Application [main] the built-in WARN level
2020-01-22 01:19:21,142 ERROR Application [main] the built-in ERROR level
2020-01-22 01:19:21,142 FATAL Application [main] the built-in FATAL level
2020-01-22 01:24:31,411 TRACE Application [main] the built-in TRACE level
2020-01-22 01:24:31,416 DEBUG Application [main] the built-in DEBUG level
2020-01-22 01:24:31,417 INFO Application [main] the built-in INFO level
2020-01-22 01:24:31,417 WARN Application [main] the built-in WARN level
2020-01-22 01:24:31,417 ERROR Application [main] the built-in ERROR level
2020-01-22 01:24:31,417 FATAL Application [main] the built-in FATAL level
2020-01-22 01:28:29,380 TRACE Application [main] the built-in TRACE level
2020-01-22 01:28:29,387 DEBUG Application [main] the built-in DEBUG level
2020-01-22 01:28:29,387 INFO Application [main] the built-in INFO level
2020-01-22 01:28:29,387 WARN Application [main] the built-in WARN level
2020-01-22 01:28:29,387 ERROR Application [main] the built-in ERROR level
2020-01-22 01:28:29,387 FATAL Application [main] the built-in FATAL level
2020-01-22 01:52:09,695 TRACE Application [main] the built-in TRACE level
2020-01-22 01:52:09,699 DEBUG Application [main] the built-in DEBUG level
2020-01-22 01:52:09,700 INFO Application [main] the built-in INFO level
2020-01-22 01:52:09,700 WARN Application [main] the built-in WARN level
2020-01-22 01:52:09,700 ERROR Application [main] the built-in ERROR level
2020-01-22 01:52:09,700 FATAL Application [main] the built-in FATAL level
2020-01-22 12:20:10,141 TRACE Application [main] the built-in TRACE level
2020-01-22 12:20:10,145 DEBUG Application [main] the built-in DEBUG level
2020-01-22 12:20:10,145 INFO Application [main] the built-in INFO level
2020-01-22 12:20:10,145 WARN Application [main] the built-in WARN level
2020-01-22 12:20:10,145 ERROR Application [main] the built-in ERROR level
2020-01-22 12:20:10,146 FATAL Application [main] the built-in FATAL level
2020-01-22 16:25:36,712 TRACE Application [main] the built-in TRACE level
2020-01-22 16:25:36,716 DEBUG Application [main] the built-in DEBUG level
2020-01-22 16:25:36,716 INFO Application [main] the built-in INFO level
2020-01-22 16:25:36,716 WARN Application [main] the built-in WARN level
2020-01-22 16:25:36,716 ERROR Application [main] the built-in ERROR level
2020-01-22 16:25:36,716 FATAL Application [main] the built-in FATAL level
2020-01-22 16:27:07,880 TRACE Application [main] the built-in TRACE level
2020-01-22 16:27:07,884 DEBUG Application [main] the built-in DEBUG level
2020-01-22 16:27:07,884 INFO Application [main] the built-in INFO level
2020-01-22 16:27:07,884 WARN Application [main] the built-in WARN level
2020-01-22 16:27:07,884 ERROR Application [main] the built-in ERROR level
2020-01-22 16:27:07,885 FATAL Application [main] the built-in FATAL level
